<?xml version="1.0" encoding="UTF-8"?>
<testsuite xmlns:xsi="http://www.w3.org/2001/XMLSchema-instance" xsi:noNamespaceSchemaLocation="https://maven.apache.org/surefire/maven-surefire-plugin/xsd/surefire-test-report.xsd" name="TestSuite" time="0.629" tests="6" errors="0" skipped="2" failures="4">
  <properties>
[...]
</properties>
  <testcase name="setUp" classname="seleniumsaucelabs.testcases.SauceTest" time="0.438">
    <failure message="&#10;Parameter &apos;browser&apos; is required by BeforeMethod on method setUp but has not been marked @Optional or defined&#10;" type="org.testng.TestNGException">org.testng.TestNGException: 

Parameter 'browser' is required by BeforeMethod on method setUp but has not been marked @Optional or defined

</failure>
  </testcase>
  <testcase name="setUp" classname="seleniumsaucelabs.testcases.SauceTest" time="0.005">
    <failure message="&#10;Parameter &apos;browser&apos; is required by BeforeMethod on method setUp but has not been marked @Optional or defined&#10;" type="org.testng.TestNGException">org.testng.TestNGException: 

Parameter 'browser' is required by BeforeMethod on method setUp but has not been marked @Optional or defined

</failure>
  </testcase>
  <testcase name="checkInventoryItemTest" classname="seleniumsaucelabs.testcases.SauceTest" time="0">
    <skipped message="&#10;Parameter &apos;browser&apos; is required by BeforeMethod on method setUp but has not been marked @Optional or defined&#10;"/>
  </testcase>
  <testcase name="tearDown" classname="seleniumsaucelabs.testcases.SauceTest" time="0.004">
    <failure type="java.lang.NullPointerException">java.lang.NullPointerException
</failure>
  </testcase>
  <testcase name="tearDown" classname="seleniumsaucelabs.testcases.SauceTest" time="0.001">
    <failure type="java.lang.NullPointerException">java.lang.NullPointerException
</failure>
  </testcase>
  <testcase name="checkAddToCartButtonTest" classname="seleniumsaucelabs.testcases.SauceTest" time="0">
    <skipped message="&#10;Parameter &apos;browser&apos; is required by BeforeMethod on method setUp but has not been marked @Optional or defined&#10;"/>
  </testcase>
</testsuite>